<?xml version="1.0" encoding="utf-8"?><testsuites name="pytest tests"><testsuite name="pytest" errors="0" failures="0" skipped="0" tests="22" time="5.005" timestamp="2026-07-16T00:04:00.160224+00:00" hostname="agent-env-b684fe43-1167-4bc4-8529-bf6cc093432b"><testcase classname="backend.tests.test_auth_features.TestAdminLogin" name="test_admin_login_success" time="0.358" /><testcase classname="backend.tests.test_auth_features.TestAdminLogin" name="test_admin_login_wrong_password" time="0.333" /><testcase classname="backend.tests.test_auth_features.TestAdminLogin" name="test_admin_login_wrong_email" time="0.106" /><testcase classname="backend.tests.test_auth_features.TestAdminLogin" name="test_admin_login_sets_cookies" time="0.324" /><testcase classname="backend.tests.test_auth_features.TestAdminAuthMe" name="test_auth_me_with_admin_cookies" time="0.373" /><testcase classname="backend.tests.test_auth_features.TestAdminAuthMe" name="test_auth_me_without_auth" time="0.108" /><testcase classname="backend.tests.test_auth_features.TestInstructorLogin" name="test_instructors_list_public" time="0.097" /><testcase classname="backend.tests.test_auth_features.TestInstructorLogin" name="test_instructor_login_success" time="0.102" /><testcase classname="backend.tests.test_auth_features.TestInstructorLogin" name="test_instructor_login_wrong_pin" time="0.110" /><testcase classname="backend.tests.test_auth_features.TestInstructorLogin" name="test_instructor_login_invalid_id" time="0.130" /><testcase classname="backend.tests.test_auth_features.TestLogout" name="test_logout_clears_cookies" time="0.429" /><testcase classname="backend.tests.test_auth_features.TestRefreshToken" name="test_refresh_token_works" time="0.378" /><testcase classname="backend.tests.test_auth_features.TestRefreshToken" name="test_refresh_without_token_fails" time="0.095" /><testcase classname="backend.tests.test_auth_features.TestRoleBasedAccess" name="test_instructor_can_get_vehicles" time="0.153" /><testcase classname="backend.tests.test_auth_features.TestRoleBasedAccess" name="test_instructor_cannot_post_vehicles" time="0.159" /><testcase classname="backend.tests.test_auth_features.TestRoleBasedAccess" name="test_instructor_can_get_logbook" time="0.148" /><testcase classname="backend.tests.test_auth_features.TestRoleBasedAccess" name="test_instructor_cannot_post_instructors" time="0.149" /><testcase classname="backend.tests.test_auth_features.TestRoleBasedAccess" name="test_admin_can_post_vehicles" time="0.415" /><testcase classname="backend.tests.test_auth_features.TestFuelAnalytics" name="test_fuel_analytics_returns_summary_and_vehicle_stats" time="0.377" /><testcase classname="backend.tests.test_auth_features.TestFuelAnalytics" name="test_fuel_analytics_without_auth" time="0.104" /><testcase classname="backend.tests.test_auth_features.TestFuelAnalytics" name="test_fuel_analytics_with_filters" time="0.368" /><testcase classname="backend.tests.test_auth_features.TestInstructorExists" name="test_instructor_exists_in_list" time="0.112" /></testsuite></testsuites>