<?xml version="1.0" encoding="utf-8"?><testsuites name="pytest tests"><testsuite name="pytest" errors="0" failures="0" skipped="0" tests="47" time="12.232" timestamp="2026-07-18T05:38:52.609749+00:00" hostname="agent-env-b684fe43-1167-4bc4-8529-bf6cc093432b"><testcase classname="tests.test_auth_features.TestAdminLogin" name="test_admin_login_success" time="0.359" /><testcase classname="tests.test_auth_features.TestAdminLogin" name="test_admin_login_wrong_password" time="0.352" /><testcase classname="tests.test_auth_features.TestAdminLogin" name="test_admin_login_wrong_email" time="0.135" /><testcase classname="tests.test_auth_features.TestAdminLogin" name="test_admin_login_sets_cookies" time="0.364" /><testcase classname="tests.test_auth_features.TestAdminAuthMe" name="test_auth_me_with_admin_cookies" time="0.362" /><testcase classname="tests.test_auth_features.TestAdminAuthMe" name="test_auth_me_without_auth" time="0.186" /><testcase classname="tests.test_auth_features.TestInstructorLogin" name="test_instructors_list_public" time="0.105" /><testcase classname="tests.test_auth_features.TestInstructorLogin" name="test_instructor_login_success" time="0.099" /><testcase classname="tests.test_auth_features.TestInstructorLogin" name="test_instructor_login_wrong_pin" time="0.127" /><testcase classname="tests.test_auth_features.TestInstructorLogin" name="test_instructor_login_invalid_id" time="0.125" /><testcase classname="tests.test_auth_features.TestLogout" name="test_logout_clears_cookies" time="0.470" /><testcase classname="tests.test_auth_features.TestRefreshToken" name="test_refresh_token_works" time="0.384" /><testcase classname="tests.test_auth_features.TestRefreshToken" name="test_refresh_without_token_fails" time="0.097" /><testcase classname="tests.test_auth_features.TestRoleBasedAccess" name="test_instructor_can_get_vehicles" time="0.140" /><testcase classname="tests.test_auth_features.TestRoleBasedAccess" name="test_instructor_cannot_post_vehicles" time="0.143" /><testcase classname="tests.test_auth_features.TestRoleBasedAccess" name="test_instructor_can_get_logbook" time="0.138" /><testcase classname="tests.test_auth_features.TestRoleBasedAccess" name="test_instructor_cannot_post_instructors" time="0.141" /><testcase classname="tests.test_auth_features.TestRoleBasedAccess" name="test_admin_can_post_vehicles" time="0.423" /><testcase classname="tests.test_auth_features.TestFuelAnalytics" name="test_fuel_analytics_returns_summary_and_vehicle_stats" time="0.366" /><testcase classname="tests.test_auth_features.TestFuelAnalytics" name="test_fuel_analytics_without_auth" time="0.101" /><testcase classname="tests.test_auth_features.TestFuelAnalytics" name="test_fuel_analytics_with_filters" time="0.374" /><testcase classname="tests.test_auth_features.TestInstructorExists" name="test_instructor_exists_in_list" time="0.095" /><testcase classname="tests.test_obd_gps_features.TestTeltonikaParser" name="test_extract_obd_data_with_known_io_ids" time="0.001" /><testcase classname="tests.test_obd_gps_features.TestTeltonikaParser" name="test_extract_obd_data_with_string_keys" time="0.000" /><testcase classname="tests.test_obd_gps_features.TestTeltonikaParser" name="test_extract_obd_data_with_unknown_io_ids" time="0.000" /><testcase classname="tests.test_obd_gps_features.TestTeltonikaParser" name="test_extract_obd_data_empty_input" time="0.000" /><testcase classname="tests.test_obd_gps_features.TestTeltonikaParser" name="test_obd_io_map_contains_expected_parameters" time="0.000" /><testcase classname="tests.test_obd_gps_features.TestAuthEndpoints" name="test_admin_login_success" time="0.327" /><testcase classname="tests.test_obd_gps_features.TestAuthEndpoints" name="test_admin_login_sets_cookies" time="0.327" /><testcase classname="tests.test_obd_gps_features.TestAuthEndpoints" name="test_instructor_login_success" time="0.094" /><testcase classname="tests.test_obd_gps_features.TestAuthEndpoints" name="test_auth_me_with_admin_session" time="0.368" /><testcase classname="tests.test_obd_gps_features.TestAuthEndpoints" name="test_auth_me_without_auth_returns_401" time="0.094" /><testcase classname="tests.test_obd_gps_features.TestOBDEndpoints" name="test_get_all_obd_vehicles_returns_200" time="0.371" /><testcase classname="tests.test_obd_gps_features.TestOBDEndpoints" name="test_get_vehicle_obd_data_returns_200" time="0.371" /><testcase classname="tests.test_obd_gps_features.TestOBDEndpoints" name="test_get_vehicle_obd_history_returns_200" time="0.358" /><testcase classname="tests.test_obd_gps_features.TestOBDEndpoints" name="test_obd_endpoints_require_auth" time="0.519" /><testcase classname="tests.test_obd_gps_features.TestGPSEndpoints" name="test_detect_trips_nonexistent_vehicle_returns_404" time="0.363" /><testcase classname="tests.test_obd_gps_features.TestGPSEndpoints" name="test_get_live_positions_returns_200" time="0.361" /><testcase classname="tests.test_obd_gps_features.TestGPSEndpoints" name="test_get_tcp_status_returns_200" time="0.363" /><testcase classname="tests.test_obd_gps_features.TestGPSEndpoints" name="test_get_gps_devices_returns_200" time="0.369" /><testcase classname="tests.test_obd_gps_features.TestGPSEndpoints" name="test_gps_endpoints_require_auth" time="0.501" /><testcase classname="tests.test_obd_gps_features.TestExistingEndpoints" name="test_get_vehicles_returns_200" time="0.394" /><testcase classname="tests.test_obd_gps_features.TestExistingEndpoints" name="test_get_instructors_returns_200" time="0.367" /><testcase classname="tests.test_obd_gps_features.TestExistingEndpoints" name="test_get_logbook_returns_200" time="0.364" /><testcase classname="tests.test_obd_gps_features.TestExistingEndpoints" name="test_get_fuel_returns_200" time="0.371" /><testcase classname="tests.test_obd_gps_features.TestExistingEndpoints" name="test_get_fuel_analytics_returns_200" time="0.362" /><testcase classname="tests.test_obd_gps_features.TestExistingEndpoints" name="test_get_dashboard_returns_200" time="0.365" /></testsuite></testsuites>