<?xml version="1.0" encoding="utf-8"?><testsuites name="pytest tests"><testsuite name="pytest" errors="0" failures="0" skipped="0" tests="25" time="7.707" timestamp="2026-07-16T00:18:33.940305+00:00" hostname="agent-env-b684fe43-1167-4bc4-8529-bf6cc093432b"><testcase classname="tests.test_obd_gps_features.TestTeltonikaParser" name="test_extract_obd_data_with_known_io_ids" time="0.001" /><testcase classname="tests.test_obd_gps_features.TestTeltonikaParser" name="test_extract_obd_data_with_string_keys" time="0.000" /><testcase classname="tests.test_obd_gps_features.TestTeltonikaParser" name="test_extract_obd_data_with_unknown_io_ids" time="0.000" /><testcase classname="tests.test_obd_gps_features.TestTeltonikaParser" name="test_extract_obd_data_empty_input" time="0.000" /><testcase classname="tests.test_obd_gps_features.TestTeltonikaParser" name="test_obd_io_map_contains_expected_parameters" time="0.000" /><testcase classname="tests.test_obd_gps_features.TestAuthEndpoints" name="test_admin_login_success" time="0.404" /><testcase classname="tests.test_obd_gps_features.TestAuthEndpoints" name="test_admin_login_sets_cookies" time="0.332" /><testcase classname="tests.test_obd_gps_features.TestAuthEndpoints" name="test_instructor_login_success" time="0.134" /><testcase classname="tests.test_obd_gps_features.TestAuthEndpoints" name="test_auth_me_with_admin_session" time="0.369" /><testcase classname="tests.test_obd_gps_features.TestAuthEndpoints" name="test_auth_me_without_auth_returns_401" time="0.126" /><testcase classname="tests.test_obd_gps_features.TestOBDEndpoints" name="test_get_all_obd_vehicles_returns_200" time="0.390" /><testcase classname="tests.test_obd_gps_features.TestOBDEndpoints" name="test_get_vehicle_obd_data_returns_200" time="0.390" /><testcase classname="tests.test_obd_gps_features.TestOBDEndpoints" name="test_get_vehicle_obd_history_returns_200" time="0.403" /><testcase classname="tests.test_obd_gps_features.TestOBDEndpoints" name="test_obd_endpoints_require_auth" time="0.531" /><testcase classname="tests.test_obd_gps_features.TestGPSEndpoints" name="test_detect_trips_nonexistent_vehicle_returns_404" time="0.378" /><testcase classname="tests.test_obd_gps_features.TestGPSEndpoints" name="test_get_live_positions_returns_200" time="0.367" /><testcase classname="tests.test_obd_gps_features.TestGPSEndpoints" name="test_get_tcp_status_returns_200" time="0.384" /><testcase classname="tests.test_obd_gps_features.TestGPSEndpoints" name="test_get_gps_devices_returns_200" time="0.406" /><testcase classname="tests.test_obd_gps_features.TestGPSEndpoints" name="test_gps_endpoints_require_auth" time="0.686" /><testcase classname="tests.test_obd_gps_features.TestExistingEndpoints" name="test_get_vehicles_returns_200" time="0.402" /><testcase classname="tests.test_obd_gps_features.TestExistingEndpoints" name="test_get_instructors_returns_200" time="0.369" /><testcase classname="tests.test_obd_gps_features.TestExistingEndpoints" name="test_get_logbook_returns_200" time="0.403" /><testcase classname="tests.test_obd_gps_features.TestExistingEndpoints" name="test_get_fuel_returns_200" time="0.398" /><testcase classname="tests.test_obd_gps_features.TestExistingEndpoints" name="test_get_fuel_analytics_returns_200" time="0.367" /><testcase classname="tests.test_obd_gps_features.TestExistingEndpoints" name="test_get_dashboard_returns_200" time="0.396" /></testsuite></testsuites>