<?xml version="1.0" encoding="utf-8"?><testsuites name="pytest tests"><testsuite name="pytest" errors="0" failures="0" skipped="0" tests="19" time="2.612" timestamp="2026-05-16T13:09:00.929491+00:00" hostname="agent-env-b684fe43-1167-4bc4-8529-bf6cc093432b"><testcase classname="backend.tests.test_fleet_api.TestHealthCheck" name="test_api_root_returns_200" time="0.265" /><testcase classname="backend.tests.test_fleet_api.TestNewPDFExportEndpoint" name="test_logbook_export_pdf_returns_401_without_auth" time="0.170" /><testcase classname="backend.tests.test_fleet_api.TestNewLiveGPSEndpoints" name="test_gps_live_positions_returns_401_without_auth" time="0.184" /><testcase classname="backend.tests.test_fleet_api.TestNewLiveGPSEndpoints" name="test_gps_simulate_live_returns_401_without_auth" time="0.148" /><testcase classname="backend.tests.test_fleet_api.TestNewLiveGPSEndpoints" name="test_gps_vehicle_history_returns_401_without_auth" time="0.133" /><testcase classname="backend.tests.test_fleet_api.TestExistingProtectedEndpoints" name="test_vehicles_returns_401" time="0.135" /><testcase classname="backend.tests.test_fleet_api.TestExistingProtectedEndpoints" name="test_instructors_returns_401" time="0.111" /><testcase classname="backend.tests.test_fleet_api.TestExistingProtectedEndpoints" name="test_logbook_returns_401" time="0.108" /><testcase classname="backend.tests.test_fleet_api.TestExistingProtectedEndpoints" name="test_fuel_returns_401" time="0.115" /><testcase classname="backend.tests.test_fleet_api.TestExistingProtectedEndpoints" name="test_damages_returns_401" time="0.112" /><testcase classname="backend.tests.test_fleet_api.TestExistingProtectedEndpoints" name="test_handovers_returns_401" time="0.106" /><testcase classname="backend.tests.test_fleet_api.TestExistingProtectedEndpoints" name="test_qr_handovers_returns_401" time="0.110" /><testcase classname="backend.tests.test_fleet_api.TestExistingProtectedEndpoints" name="test_reports_dashboard_returns_401" time="0.139" /><testcase classname="backend.tests.test_fleet_api.TestExistingProtectedEndpoints" name="test_reports_km_stats_returns_401" time="0.114" /><testcase classname="backend.tests.test_fleet_api.TestExistingProtectedEndpoints" name="test_gps_trips_returns_401" time="0.117" /><testcase classname="backend.tests.test_fleet_api.TestExistingProtectedEndpoints" name="test_gps_import_mock_returns_401" time="0.110" /><testcase classname="backend.tests.test_fleet_api.TestPublicEndpoints" name="test_public_vehicle_fuel_returns_404_for_nonexistent" time="0.147" /><testcase classname="backend.tests.test_fleet_api.TestPublicEndpoints" name="test_public_vehicle_damage_returns_404_for_nonexistent" time="0.103" /><testcase classname="backend.tests.test_fleet_api.TestPublicEndpoints" name="test_public_vehicle_handover_returns_404_for_nonexistent" time="0.105" /></testsuite></testsuites>