<?xml version="1.0" encoding="utf-8"?><testsuites name="pytest tests"><testsuite name="pytest" errors="0" failures="0" skipped="0" tests="21" time="2.304" timestamp="2026-07-18T04:10:52.752700+00:00" hostname="agent-env-b684fe43-1167-4bc4-8529-bf6cc093432b"><testcase classname="backend.tests.test_maintenance_ruhavik.TestMaintenanceCRUD" name="test_get_maintenance_items_empty_or_list" time="0.423" /><testcase classname="backend.tests.test_maintenance_ruhavik.TestMaintenanceCRUD" name="test_create_maintenance_stk" time="0.085" /><testcase classname="backend.tests.test_maintenance_ruhavik.TestMaintenanceCRUD" name="test_create_maintenance_blizi_se_status" time="0.044" /><testcase classname="backend.tests.test_maintenance_ruhavik.TestMaintenanceCRUD" name="test_create_maintenance_po_terminu_status" time="0.048" /><testcase classname="backend.tests.test_maintenance_ruhavik.TestMaintenanceCRUD" name="test_create_maintenance_custom_type" time="0.044" /><testcase classname="backend.tests.test_maintenance_ruhavik.TestMaintenanceCRUD" name="test_get_maintenance_summary" time="0.043" /><testcase classname="backend.tests.test_maintenance_ruhavik.TestMaintenanceCRUD" name="test_update_maintenance_item" time="0.046" /><testcase classname="backend.tests.test_maintenance_ruhavik.TestMaintenanceCRUD" name="test_delete_maintenance_item" time="0.126" /><testcase classname="backend.tests.test_maintenance_ruhavik.TestMaintenanceCRUD" name="test_filter_maintenance_by_vehicle" time="0.081" /><testcase classname="backend.tests.test_maintenance_ruhavik.TestMaintenanceCRUD" name="test_filter_maintenance_by_status" time="0.311" /><testcase classname="backend.tests.test_maintenance_ruhavik.TestRuhavikImport" name="test_import_gpx_file" time="0.116" /><testcase classname="backend.tests.test_maintenance_ruhavik.TestRuhavikImport" name="test_import_csv_file" time="0.110" /><testcase classname="backend.tests.test_maintenance_ruhavik.TestRuhavikImport" name="test_import_unsupported_format_returns_400" time="0.120" /><testcase classname="backend.tests.test_maintenance_ruhavik.TestRuhavikImport" name="test_import_invalid_vehicle_returns_404" time="0.101" /><testcase classname="backend.tests.test_maintenance_ruhavik.TestRuhavikImport" name="test_import_requires_auth" time="0.096" /><testcase classname="backend.tests.test_maintenance_ruhavik.TestDamageNotifications" name="test_create_damage_report_authenticated" time="0.043" /><testcase classname="backend.tests.test_maintenance_ruhavik.TestDamageNotifications" name="test_create_public_damage_report" time="0.105" /><testcase classname="backend.tests.test_maintenance_ruhavik.TestDamageNotifications" name="test_public_damage_invalid_vehicle_returns_404" time="0.103" /><testcase classname="backend.tests.test_maintenance_ruhavik.TestNavigation" name="test_maintenance_endpoint_accessible" time="0.042" /><testcase classname="backend.tests.test_maintenance_ruhavik.TestNavigation" name="test_maintenance_summary_endpoint_accessible" time="0.081" /><testcase classname="backend.tests.test_maintenance_ruhavik.TestNavigation" name="test_api_root_accessible" time="0.040" /></testsuite></testsuites>