<?xml version="1.0" encoding="utf-8"?><testsuites name="pytest tests"><testsuite name="pytest" errors="0" failures="0" skipped="0" tests="34" time="3.102" timestamp="2026-05-16T13:26:44.057839+00:00" hostname="agent-env-b684fe43-1167-4bc4-8529-bf6cc093432b"><testcase classname="tests.test_fleet_api.TestHealthCheck" name="test_api_root_returns_200" time="0.259" /><testcase classname="tests.test_fleet_api.TestNewGPSDeviceEndpoints" name="test_gps_tcp_status_returns_401_without_auth" time="0.147" /><testcase classname="tests.test_fleet_api.TestNewGPSDeviceEndpoints" name="test_gps_devices_returns_401_without_auth" time="0.141" /><testcase classname="tests.test_fleet_api.TestNewGPSDeviceEndpoints" name="test_gps_devices_post_returns_401_without_auth" time="0.153" /><testcase classname="tests.test_fleet_api.TestNewGPSDeviceEndpoints" name="test_gps_devices_delete_returns_401_without_auth" time="0.102" /><testcase classname="tests.test_fleet_api.TestNewGPSDeviceEndpoints" name="test_gps_test_teltonika_returns_401_without_auth" time="0.112" /><testcase classname="tests.test_fleet_api.TestPDFExportEndpoint" name="test_logbook_export_pdf_returns_401_without_auth" time="0.104" /><testcase classname="tests.test_fleet_api.TestLiveGPSEndpoints" name="test_gps_live_positions_returns_401_without_auth" time="0.113" /><testcase classname="tests.test_fleet_api.TestLiveGPSEndpoints" name="test_gps_simulate_live_returns_401_without_auth" time="0.109" /><testcase classname="tests.test_fleet_api.TestLiveGPSEndpoints" name="test_gps_vehicle_history_returns_401_without_auth" time="0.157" /><testcase classname="tests.test_fleet_api.TestExistingProtectedEndpoints" name="test_vehicles_returns_401" time="0.104" /><testcase classname="tests.test_fleet_api.TestExistingProtectedEndpoints" name="test_instructors_returns_401" time="0.101" /><testcase classname="tests.test_fleet_api.TestExistingProtectedEndpoints" name="test_logbook_returns_401" time="0.135" /><testcase classname="tests.test_fleet_api.TestExistingProtectedEndpoints" name="test_fuel_returns_401" time="0.108" /><testcase classname="tests.test_fleet_api.TestExistingProtectedEndpoints" name="test_damages_returns_401" time="0.142" /><testcase classname="tests.test_fleet_api.TestExistingProtectedEndpoints" name="test_handovers_returns_401" time="0.104" /><testcase classname="tests.test_fleet_api.TestExistingProtectedEndpoints" name="test_qr_handovers_returns_401" time="0.106" /><testcase classname="tests.test_fleet_api.TestExistingProtectedEndpoints" name="test_reports_dashboard_returns_401" time="0.115" /><testcase classname="tests.test_fleet_api.TestExistingProtectedEndpoints" name="test_reports_km_stats_returns_401" time="0.107" /><testcase classname="tests.test_fleet_api.TestExistingProtectedEndpoints" name="test_gps_trips_returns_401" time="0.112" /><testcase classname="tests.test_fleet_api.TestExistingProtectedEndpoints" name="test_gps_import_mock_returns_401" time="0.118" /><testcase classname="tests.test_fleet_api.TestPublicEndpoints" name="test_public_vehicle_fuel_returns_404_for_nonexistent" time="0.117" /><testcase classname="tests.test_fleet_api.TestPublicEndpoints" name="test_public_vehicle_damage_returns_404_for_nonexistent" time="0.113" /><testcase classname="tests.test_fleet_api.TestPublicEndpoints" name="test_public_vehicle_handover_returns_404_for_nonexistent" time="0.106" /><testcase classname="tests.test_teltonika_parser.TestTeltonikaParser" name="test_build_and_parse_avl_packet_roundtrip" time="0.000" /><testcase classname="tests.test_teltonika_parser.TestTeltonikaParser" name="test_build_avl_packet_with_different_coordinates" time="0.000" /><testcase classname="tests.test_teltonika_parser.TestTeltonikaParser" name="test_imei_packet_format" time="0.000" /><testcase classname="tests.test_teltonika_parser.TestTeltonikaParser" name="test_imei_packet_various_lengths" time="0.000" /><testcase classname="tests.test_teltonika_parser.TestTeltonikaParser" name="test_crc16_ibm_calculation" time="0.000" /><testcase classname="tests.test_teltonika_parser.TestTeltonikaParser" name="test_avl_packet_structure" time="0.000" /><testcase classname="tests.test_teltonika_parser.TestTeltonikaParser" name="test_parse_invalid_packet_too_short" time="0.000" /><testcase classname="tests.test_teltonika_parser.TestTeltonikaParser" name="test_parse_invalid_preamble" time="0.000" /><testcase classname="tests.test_teltonika_parser.TestTeltonikaParser" name="test_parsed_record_has_required_fields" time="0.000" /><testcase classname="tests.test_teltonika_parser.TestTeltonikaParser" name="test_timestamp_is_datetime" time="0.000" /></testsuite></testsuites>